<?xml version="1.0" encoding="UTF-8"?>
<testng-results skipped="0" failed="1" ignored="5" total="6" passed="0">
  <reporter-output>
  </reporter-output>
  <suite name="Default suite" duration-ms="26531" started-at="2019-10-06T03:22:39Z" finished-at="2019-10-06T03:23:05Z">
    <groups>
    </groups>
    <test name="Default test" duration-ms="26531" started-at="2019-10-06T03:22:39Z" finished-at="2019-10-06T03:23:05Z">
      <class name="Model.PageObject.HomePageTestScripts">
        <test-method status="PASS" signature="beforeSuite()[pri:0, instance:Model.PageObject.HomePageTestScripts@5c3bd550]" name="beforeSuite" is-config="true" duration-ms="558" started-at="2019-10-06T03:22:38Z" finished-at="2019-10-06T03:22:39Z">
          <reporter-output>
          </reporter-output>
        </test-method> <!-- beforeSuite -->
        <test-method status="PASS" signature="beforeTesert()[pri:0, instance:Model.PageObject.HomePageTestScripts@5c3bd550]" name="beforeTesert" is-config="true" duration-ms="1" started-at="2019-10-06T03:22:39Z" finished-at="2019-10-06T03:22:39Z">
          <reporter-output>
          </reporter-output>
        </test-method> <!-- beforeTesert -->
        <test-method status="PASS" signature="beforeTest()[pri:0, instance:Model.PageObject.HomePageTestScripts@5c3bd550]" name="beforeTest" is-config="true" duration-ms="1" started-at="2019-10-06T03:22:39Z" finished-at="2019-10-06T03:22:39Z">
          <reporter-output>
          </reporter-output>
        </test-method> <!-- beforeTest -->
        <test-method status="PASS" signature="createDriver(java.lang.reflect.Method)[pri:0, instance:Model.PageObject.HomePageTestScripts@5c3bd550]" name="createDriver" is-config="true" duration-ms="9307" started-at="2019-10-06T03:22:39Z" finished-at="2019-10-06T03:22:48Z">
          <params>
            <param index="0">
              <value>
                <![CDATA[public void Model.PageObject.HomePageTestScripts.test()]]>
              </value>
            </param>
          </params>
          <reporter-output>
          </reporter-output>
        </test-method> <!-- createDriver -->
        <test-method status="FAIL" signature="test()[pri:0, instance:Model.PageObject.HomePageTestScripts@5c3bd550]" name="test" duration-ms="15993" started-at="2019-10-06T03:22:48Z" finished-at="2019-10-06T03:23:04Z">
          <exception class="org.openqa.selenium.TimeoutException">
            <message>
              <![CDATA[Expected condition failed: waiting for Model.PageObject.HomePageStepDef$1@6cdba6dc (tried for 10 second(s) with 1000 milliseconds interval)]]>
            </message>
            <full-stacktrace>
              <![CDATA[org.openqa.selenium.TimeoutException: Expected condition failed: waiting for Model.PageObject.HomePageStepDef$1@6cdba6dc (tried for 10 second(s) with 1000 milliseconds interval)
at org.openqa.selenium.support.ui.FluentWait.timeoutException(FluentWait.java:304)
at org.openqa.selenium.support.ui.FluentWait.until(FluentWait.java:272)
at Model.PageObject.HomePageStepDef.login(HomePageStepDef.java:36)
at Model.PageObject.HomePageTestScripts.test(HomePageTestScripts.java:37)
at sun.reflect.NativeMethodAccessorImpl.invoke0(Native Method)
at sun.reflect.NativeMethodAccessorImpl.invoke(NativeMethodAccessorImpl.java:62)
at sun.reflect.DelegatingMethodAccessorImpl.invoke(DelegatingMethodAccessorImpl.java:43)
at java.lang.reflect.Method.invoke(Method.java:498)
at org.testng.internal.MethodInvocationHelper.invokeMethod(MethodInvocationHelper.java:124)
at org.testng.internal.Invoker.invokeMethod(Invoker.java:583)
at org.testng.internal.Invoker.invokeTestMethod(Invoker.java:719)
at org.testng.internal.Invoker.invokeTestMethods(Invoker.java:989)
at org.testng.internal.TestMethodWorker.invokeTestMethods(TestMethodWorker.java:125)
at org.testng.internal.TestMethodWorker.run(TestMethodWorker.java:109)
at org.testng.TestRunner.privateRun(TestRunner.java:648)
at org.testng.TestRunner.run(TestRunner.java:505)
at org.testng.SuiteRunner.runTest(SuiteRunner.java:455)
at org.testng.SuiteRunner.runSequentially(SuiteRunner.java:450)
at org.testng.SuiteRunner.privateRun(SuiteRunner.java:415)
at org.testng.SuiteRunner.run(SuiteRunner.java:364)
at org.testng.SuiteRunnerWorker.runSuite(SuiteRunnerWorker.java:52)
at org.testng.SuiteRunnerWorker.run(SuiteRunnerWorker.java:84)
at org.testng.TestNG.runSuitesSequentially(TestNG.java:1208)
at org.testng.TestNG.runSuitesLocally(TestNG.java:1137)
at org.testng.TestNG.runSuites(TestNG.java:1049)
at org.testng.TestNG.run(TestNG.java:1017)
at org.testng.remote.AbstractRemoteTestNG.run(AbstractRemoteTestNG.java:114)
at org.testng.remote.RemoteTestNG.initAndRun(RemoteTestNG.java:251)
at org.testng.remote.RemoteTestNG.main(RemoteTestNG.java:77)
Caused by: org.openqa.selenium.NoSuchElementException: no such element: Unable to locate element: {"method":"css selector","selector":"input[type='Hyderbad']"}
  (Session info: chrome=77.0.3865.90)
For documentation on this error, please visit: https://www.seleniumhq.org/exceptions/no_such_element.html
Build info: version: '3.141.59', revision: 'e82be7d358', time: '2018-11-14T08:17:03'
System info: host: 'GOVARDHAN-PC', ip: '192.168.43.75', os.name: 'Windows 7', os.arch: 'amd64', os.version: '6.1', java.version: '1.8.0_161'
Driver info: org.openqa.selenium.chrome.ChromeDriver
Capabilities {acceptInsecureCerts: false, browserName: chrome, browserVersion: 77.0.3865.90, chrome: {chromedriverVersion: 76.0.3809.126 (d80a294506b4..., userDataDir: C:\Users\GOVARD~1\AppData\L...}, goog:chromeOptions: {debuggerAddress: localhost:54696}, javascriptEnabled: true, networkConnectionEnabled: false, pageLoadStrategy: normal, platform: XP, platformName: XP, proxy: Proxy(), setWindowRect: true, strictFileInteractability: false, timeouts: {implicit: 0, pageLoad: 300000, script: 30000}, unhandledPromptBehavior: dismiss and notify}
Session ID: 612a3b1af28d0f2b6c88bcf1d943a791
*** Element info: {Using=css selector, value=input[type='Hyderbad']}
at sun.reflect.NativeConstructorAccessorImpl.newInstance0(Native Method)
at sun.reflect.NativeConstructorAccessorImpl.newInstance(NativeConstructorAccessorImpl.java:62)
at sun.reflect.DelegatingConstructorAccessorImpl.newInstance(DelegatingConstructorAccessorImpl.java:45)
at java.lang.reflect.Constructor.newInstance(Constructor.java:423)
at org.openqa.selenium.remote.http.W3CHttpResponseCodec.createException(W3CHttpResponseCodec.java:187)
at org.openqa.selenium.remote.http.W3CHttpResponseCodec.decode(W3CHttpResponseCodec.java:122)
at org.openqa.selenium.remote.http.W3CHttpResponseCodec.decode(W3CHttpResponseCodec.java:49)
at org.openqa.selenium.remote.HttpCommandExecutor.execute(HttpCommandExecutor.java:158)
at org.openqa.selenium.remote.service.DriverCommandExecutor.execute(DriverCommandExecutor.java:83)
at org.openqa.selenium.remote.RemoteWebDriver.execute(RemoteWebDriver.java:552)
at org.openqa.selenium.remote.RemoteWebDriver.findElement(RemoteWebDriver.java:323)
at org.openqa.selenium.remote.RemoteWebDriver.findElementByCssSelector(RemoteWebDriver.java:420)
at org.openqa.selenium.By$ByCssSelector.findElement(By.java:431)
at org.openqa.selenium.remote.RemoteWebDriver.findElement(RemoteWebDriver.java:315)
at Model.PageObject.HomePageStepDef$1.apply(HomePageStepDef.java:39)
at Model.PageObject.HomePageStepDef$1.apply(HomePageStepDef.java:1)
at org.openqa.selenium.support.ui.FluentWait.until(FluentWait.java:249)
... 27 more
]]>
            </full-stacktrace>
          </exception> <!-- org.openqa.selenium.TimeoutException -->
          <reporter-output>
          </reporter-output>
        </test-method> <!-- test -->
        <test-method status="PASS" signature="tearDown(org.testng.ITestResult)[pri:0, instance:Model.PageObject.HomePageTestScripts@5c3bd550]" name="tearDown" is-config="true" duration-ms="1161" started-at="2019-10-06T03:23:04Z" finished-at="2019-10-06T03:23:05Z">
          <params>
            <param index="0">
              <value>
                <![CDATA[[TestResult name=test status=FAILURE method=HomePageTestScripts.test()[pri:0, instance:Model.PageObject.HomePageTestScripts@5c3bd550] output={null}]]]>
              </value>
            </param>
          </params>
          <reporter-output>
          </reporter-output>
        </test-method> <!-- tearDown -->
        <test-method status="PASS" signature="afterclass()[pri:0, instance:Model.PageObject.HomePageTestScripts@5c3bd550]" name="afterclass" is-config="true" duration-ms="1" started-at="2019-10-06T03:23:05Z" finished-at="2019-10-06T03:23:05Z">
          <reporter-output>
          </reporter-output>
        </test-method> <!-- afterclass -->
        <test-method status="PASS" signature="aftertest()[pri:0, instance:Model.PageObject.HomePageTestScripts@5c3bd550]" name="aftertest" is-config="true" duration-ms="1" started-at="2019-10-06T03:23:05Z" finished-at="2019-10-06T03:23:05Z">
          <reporter-output>
          </reporter-output>
        </test-method> <!-- aftertest -->
        <test-method status="PASS" signature="afterSuite()[pri:0, instance:Model.PageObject.HomePageTestScripts@5c3bd550]" name="afterSuite" is-config="true" duration-ms="1508" started-at="2019-10-06T03:23:06Z" finished-at="2019-10-06T03:23:07Z">
          <reporter-output>
          </reporter-output>
        </test-method> <!-- afterSuite -->
      </class> <!-- Model.PageObject.HomePageTestScripts -->
    </test> <!-- Default test -->
  </suite> <!-- Default suite -->
</testng-results>
